Flutter crash report.
Please report a bug at https://github.com/flutter/flutter/issues.

## command

flutter --quiet assemble --no-version-check --depfile C:\Users\papij\OneDrive\Documents\Classes\Spring 2024\Projects\newCulturePot\CulturePot\build\app\intermediates\flutter\debug/flutter_build.d --output C:\Users\papij\OneDrive\Documents\Classes\Spring 2024\Projects\newCulturePot\CulturePot\build\app\intermediates\flutter\debug -dTargetFile=C:\Users\papij\OneDrive\Documents\Classes\Spring 2024\Projects\newCulturePot\CulturePot\lib\main.dart -dTargetPlatform=android -dBuildMode=debug -dTrackWidgetCreation=true --DartDefines=RkxVVFRFUl9XRUJfQVVUT19ERVRFQ1Q9dHJ1ZQ==,RkxVVFRFUl9XRUJfQ0FOVkFTS0lUX1VSTD1odHRwczovL3d3dy5nc3RhdGljLmNvbS9mbHV0dGVyLWNhbnZhc2tpdC8wNDgxN2M5OWM5ZmQ0OTU2ZjI3NTA1MjA0ZjdlMzQ0MzM1ODEwYWVkLw== -dFlavor= -dAndroidArchs=android-x64 -dMinSdkVersion=19 -dIsAndroidLibrary=false debug_android_application

## exception

PathAccessException: PathAccessException: Cannot delete file, path = 'C:\Users\papij\OneDrive\Documents\Classes\Spring 2024\Projects\newCulturePot\CulturePot\build\app\intermediates\flutter\debug\flutter_assets\kernel_blob.bin' (OS Error: プロセスはファイルにアクセスできません。別のプロセスが使用中です。
, errno = 32)

```
#0      _File.throwIfError (dart:io/file_impl.dart:675:7)
#1      _File._deleteSync (dart:io/file_impl.dart:329:5)
#2      FileSystemEntity.deleteSync (dart:io/file_system_entity.dart:407:7)
#3      ForwardingFileSystemEntity.deleteSync (package:file/src/forwarding/forwarding_file_system_entity.dart:70:16)
#4      ForwardingFileSystemEntity.deleteSync (package:file/src/forwarding/forwarding_file_system_entity.dart:70:16)
#5      ErrorHandlingFileSystem.deleteIfExists (package:flutter_tools/src/base/error_handling_io.dart:80:12)
#6      FlutterBuildSystem.trackSharedBuildDirectory (package:flutter_tools/src/build_system/build_system.dart:764:33)
#7      FlutterBuildSystem.build (package:flutter_tools/src/build_system/build_system.dart:652:5)
<asynchronous suspension>
#8      AssembleCommand.runCommand (package:flutter_tools/src/commands/assemble.dart:318:32)
<asynchronous suspension>
#9      FlutterCommand.run.<anonymous closure> (package:flutter_tools/src/runner/flutter_command.dart:1389:27)
<asynchronous suspension>
#10     AppContext.run.<anonymous closure> (package:flutter_tools/src/base/context.dart:153:19)
<asynchronous suspension>
#11     CommandRunner.runCommand (package:args/command_runner.dart:212:13)
<asynchronous suspension>
#12     FlutterCommandRunner.runCommand.<anonymous closure> (package:flutter_tools/src/runner/flutter_command_runner.dart:355:9)
<asynchronous suspension>
#13     AppContext.run.<anonymous closure> (package:flutter_tools/src/base/context.dart:153:19)
<asynchronous suspension>
#14     FlutterCommandRunner.runCommand (package:flutter_tools/src/runner/flutter_command_runner.dart:295:5)
<asynchronous suspension>
#15     run.<anonymous closure>.<anonymous closure> (package:flutter_tools/runner.dart:119:9)
<asynchronous suspension>
#16     AppContext.run.<anonymous closure> (package:flutter_tools/src/base/context.dart:153:19)
<asynchronous suspension>
#17     main (package:flutter_tools/executable.dart:90:3)
<asynchronous suspension>
```

## flutter doctor

```
[✓] Flutter (Channel stable, 3.19.0, on Microsoft Windows [Version 10.0.22621.3155], locale ja-JP)
    • Flutter version 3.19.0 on channel stable at C:\Users\papij\Downloads\flutter_windows_3.16.9-stable\flutter
    • Upstream repository https://github.com/flutter/flutter.git
    • Framework revision bae5e49bc2 (10 days ago), 2024-02-13 17:46:18 -0800
    • Engine revision 04817c99c9
    • Dart version 3.3.0
    • DevTools version 2.31.1

[✓] Windows Version (Installed version of Windows is version 10 or higher)

[✓] Android toolchain - develop for Android devices (Android SDK version 34.0.0)
    • Android SDK at C:\Users\papij\AppData\Local\Android\sdk
    • Platform android-34, build-tools 34.0.0
    • Java binary at: C:\Program Files\Android\Android Studio\jbr\bin\java
    • Java version OpenJDK Runtime Environment (build 17.0.7+0-b2043.56-10550314)
    • All Android licenses accepted.

[✓] Chrome - develop for the web
    • Chrome at C:\Program Files\Google\Chrome\Application\chrome.exe

[✓] Visual Studio - develop Windows apps (Visual Studio Community 2022 17.7.1)
    • Visual Studio at C:\Program Files\Microsoft Visual Studio\2022\Community
    • Visual Studio Community 2022 version 17.7.34009.444
    • Windows 10 SDK version 10.0.19041.0

[✓] Android Studio (version 2023.1)
    • Android Studio at C:\Program Files\Android\Android Studio
    • Flutter plugin can be installed from:
      🔨 https://plugins.jetbrains.com/plugin/9212-flutter
    • Dart plugin can be installed from:
      🔨 https://plugins.jetbrains.com/plugin/6351-dart
    • Java version OpenJDK Runtime Environment (build 17.0.7+0-b2043.56-10550314)

[✓] VS Code (version 1.86.2)
    • VS Code at C:\Users\papij\AppData\Local\Programs\Microsoft VS Code
    • Flutter extension version 3.82.0

[✓] Connected device (4 available)
    • sdk gphone64 x86 64 (mobile) • emulator-5554 • android-x64    • Android 14 (API 34) (emulator)
    • Windows (desktop)            • windows       • windows-x64    • Microsoft Windows [Version 10.0.22621.3155]
    • Chrome (web)                 • chrome        • web-javascript • Google Chrome 121.0.6167.189
    • Edge (web)                   • edge          • web-javascript • Microsoft Edge 121.0.2277.128

[✓] Network resources
    • All expected network resources are available.

• No issues found!
```
